<?xml version="1.0" encoding="UTF-8"?>
<testsuite name="TestSuite" time="0.985" tests="1" errors="0" skipped="0" failures="1">
  <properties>
    <property name="java.runtime.name" value="Java(TM) SE Runtime Environment"/>
    <property name="java.vm.version" value="16.0.1+9-24"/>
    <property name="sun.boot.library.path" value="C:\Program Files\Java\jdk-16.0.1\bin"/>
    <property name="maven.multiModuleProjectDirectory" value="C:\Users\delluser\git\selenium\selenium_artifactid"/>
    <property name="java.vm.vendor" value="Oracle Corporation"/>
    <property name="java.vendor.url" value="https://java.oracle.com/"/>
    <property name="guice.disable.misplaced.annotation.check" value="true"/>
    <property name="path.separator" value=";"/>
    <property name="java.vm.name" value="Java HotSpot(TM) 64-Bit Server VM"/>
    <property name="sun.os.patch.level" value=""/>
    <property name="user.script" value=""/>
    <property name="user.country" value="US"/>
    <property name="sun.java.launcher" value="SUN_STANDARD"/>
    <property name="java.vm.specification.name" value="Java Virtual Machine Specification"/>
    <property name="user.dir" value="C:\Users\delluser\git\selenium\selenium_artifactid"/>
    <property name="java.vm.compressedOopsMode" value="32-bit"/>
    <property name="java.runtime.version" value="16.0.1+9-24"/>
    <property name="os.arch" value="amd64"/>
    <property name="java.io.tmpdir" value="C:\Users\delluser\AppData\Local\Temp\"/>
    <property name="line.separator" value="&#10;"/>
    <property name="java.vm.specification.vendor" value="Oracle Corporation"/>
    <property name="user.variant" value=""/>
    <property name="os.name" value="Windows 10"/>
    <property name="classworlds.conf" value="G:\Learning\workspace_eclipse\.metadata\.plugins\org.eclipse.m2e.launching\launches\m2conf16004431492922896136.tmp"/>
    <property name="sun.jnu.encoding" value="Cp1252"/>
    <property name="java.library.path" value="C:\Program Files\Java\jdk-16.0.1\bin;C:\WINDOWS\Sun\Java\bin;C:\WINDOWS\system32;C:\WINDOWS;C:\Program Files\Common Files\Oracle\Java\javapath;C:\Python37\Scripts\;C:\Python37\;C:\Program Files (x86)\Common Files\Intel\Shared Libraries\redist\intel64\compiler;C:\Tcl\bin;C:\WINDOWS\system32;C:\WINDOWS;C:\WINDOWS\System32\Wbem;C:\WINDOWS\System32\WindowsPowerShell\v1.0\;C:\Program Files (x86)\Common Files\lenovo\easyplussdk\bin;C:\Program Files\Intel\WiFi\bin\;C:\Program Files\Common Files\Intel\WirelessCommon\;C:\WINDOWS\System32\OpenSSH\;C:\Program Files\PuTTY\;C:\Users\delluser\AppData\Local\Android\Sdk\platform-tools;C:\Program Files (x86)\Tesseract-OCR;C:\Program Files\Git\cmd;C:\apache-maven-3.8.1\bin;C:\Program Files (x86)\nodejs\;C:\Program Files\Amazon\AWSCLIV2\;C:\Program Files\Java\jdk-11.0.2\bin;C:\Users\delluser\AppData\Local\Microsoft\WindowsApps;C:\Program Files\sfdx\bin;C:\Users\delluser\AppData\Local\Programs\Microsoft VS Code\bin;C:\Users\delluser\AppData\Roaming\npm;."/>
    <property name="jdk.debug" value="release"/>
    <property name="java.class.version" value="60.0"/>
    <property name="java.specification.name" value="Java Platform API Specification"/>
    <property name="sun.management.compiler" value="HotSpot 64-Bit Tiered Compilers"/>
    <property name="os.version" value="10.0"/>
    <property name="user.home" value="C:\Users\delluser"/>
    <property name="user.timezone" value="Asia/Calcutta"/>
    <property name="file.encoding" value="Cp1252"/>
    <property name="java.specification.version" value="16"/>
    <property name="user.name" value="delluser"/>
    <property name="java.class.path" value="C:\Users\delluser\.p2\pool\plugins\org.eclipse.m2e.maven.runtime_1.16.0.20210129-0849\jars\plexus-classworlds-2.6.0.jar"/>
    <property name="java.vm.specification.version" value="16"/>
    <property name="sun.arch.data.model" value="64"/>
    <property name="sun.java.command" value="org.codehaus.plexus.classworlds.launcher.Launcher -B clean install"/>
    <property name="java.home" value="C:\Program Files\Java\jdk-16.0.1"/>
    <property name="user.language" value="en"/>
    <property name="java.specification.vendor" value="Oracle Corporation"/>
    <property name="java.vm.info" value="mixed mode, sharing"/>
    <property name="java.version" value="16.0.1"/>
    <property name="java.vendor" value="Oracle Corporation"/>
    <property name="maven.home" value="C:\Users\delluser\git\selenium\selenium_artifactid\EMBEDDED"/>
    <property name="file.separator" value="\"/>
    <property name="java.version.date" value="2021-04-20"/>
    <property name="java.vendor.url.bug" value="https://bugreport.java.com/bugreport/"/>
    <property name="sun.io.unicode.encoding" value="UnicodeLittle"/>
    <property name="sun.cpu.endian" value="little"/>
    <property name="sun.cpu.isalist" value="amd64"/>
  </properties>
  <testcase name="readExcel" classname="selenium_artifactid.Hello" time="0.985">
    <failure message="Cannot invoke &quot;org.apache.poi.ss.usermodel.Row.createCell(int)&quot; because the return value of &quot;org.apache.poi.ss.usermodel.Sheet.getRow(int)&quot; is null" type="java.lang.NullPointerException">java.lang.NullPointerException: Cannot invoke "org.apache.poi.ss.usermodel.Row.createCell(int)" because the return value of "org.apache.poi.ss.usermodel.Sheet.getRow(int)" is null
	at selenium_artifactid.Hello.readExcel(Hello.java:86)
</failure>
    <system-out>val :6
</system-out>
  </testcase>
</testsuite>