<?xml version="1.0" encoding="UTF-8"?>
<!-- Generated by org.testng.reporters.JUnitReportReporter -->
<testsuite hostname="LAPTOP-6N2GONVC" failures="0" tests="3" name="selenium_artifactid.hello" time="60.427" errors="0" timestamp="2021-08-10T23:12:12 IST" skipped="0">
  <testcase classname="selenium_artifactid.hello" name="instansiate_driver" time="5.617"/>
  <system-out/>
  <testcase classname="selenium_artifactid.hello" name="openpage2" time="18.876"/>
  <system-out/>
  <testcase classname="selenium_artifactid.hello" name="operations" time="35.934"/>
  <system-out/>
</testsuite> <!-- selenium_artifactid.hello -->
