<?xml version="1.0" encoding="UTF-8"?>
<!-- Generated by org.testng.reporters.JUnitReportReporter -->
<testsuite hostname="LAPTOP-6N2GONVC" failures="0" tests="3" name="selenium_artifactid.hello" time="50.866" errors="0" timestamp="2021-08-07T22:45:48 IST" skipped="0">
  <testcase classname="selenium_artifactid.hello" name="instansiate_driver" time="4.018"/>
  <system-out/>
  <testcase classname="selenium_artifactid.hello" name="openpage2" time="17.474"/>
  <system-out/>
  <testcase classname="selenium_artifactid.hello" name="operations" time="29.374"/>
  <system-out/>
</testsuite> <!-- selenium_artifactid.hello -->
