<?xml version="1.0" encoding="UTF-8"?>
<!-- Generated by org.testng.reporters.JUnitReportReporter -->
<testsuite hostname="LAPTOP-6N2GONVC" failures="0" tests="5" name="latestlearnings.endtoend" time="67.321" errors="0" timestamp="14 Oct 2021 14:25:56 GMT">
  <testcase classname="latestlearnings.endtoend" name="tearDown" time="0.718"/>
  <testcase classname="latestlearnings.endtoend" name="readExceldata" time="0.859"/>
  <testcase classname="latestlearnings.endtoend" name="openURL" time="14.861"/>
  <testcase classname="latestlearnings.endtoend" name="enterinputs" time="44.374"/>
  <testcase classname="latestlearnings.endtoend" name="launchBrowser" time="6.509"/>
</testsuite> <!-- latestlearnings.endtoend -->
