<?xml version="1.0" encoding="UTF-8"?>
<!-- Generated by org.testng.reporters.JUnitReportReporter -->
<testsuite hostname="LAPTOP-6N2GONVC" failures="0" tests="2" name="stepdefinition.abcd" time="0.023" errors="0" timestamp="13 Sep 2021 18:44:54 GMT">
  <testcase classname="stepdefinition.abcd" name="method3" time="0.006"/>
  <testcase classname="stepdefinition.abcd" name="method2" time="0.017"/>
</testsuite> <!-- stepdefinition.abcd -->
