<?xml version="1.0" encoding="UTF-8"?>
<!-- Generated by org.testng.reporters.JUnitReportReporter -->
<testsuite hostname="LAPTOP-6N2GONVC" failures="0" tests="1" name="selenium_artifactid.Selenium_one" time="33.556" errors="0" timestamp="19 Jun 2021 12:13:38 GMT">
  <testcase classname="selenium_artifactid.Selenium_one" name="loadDriver" time="33.556"/>
</testsuite> <!-- selenium_artifactid.Selenium_one -->
